Thu 14 Sep 2023 12:28:04 AM UTC: 
 treemap.c | 17 +++++++++++++++--
 1 file changed, 15 insertions(+), 2 deletions(-)
In file included from test.c:4:
treemap.c: In function ‘createTreeMap’:
treemap.c:43:50: error: expected ‘)’ before ‘;’ token
   43 |     TreeMap* mapa=(TreeMap)malloc(sizeof(TreeMap);
      |                                  ~               ^
      |                                                  )
treemap.c:52:1: error: conversion to non-scalar type requested
   52 | }
      | ^
treemap.c:52:1: error: expected ‘,’ or ‘;’ before ‘}’ token
test.c:503:5: error: ‘main’ is normally a non-static function [-Werror=main]
  503 | int main( int argc, char *argv[] ) {
      |     ^~~~
test.c:606:1: error: expected declaration or statement at end of input
  606 | }
      | ^
In file included from test.c:4:
treemap.c:43:14: error: unused variable ‘mapa’ [-Werror=unused-variable]
   43 |     TreeMap* mapa=(TreeMap)malloc(sizeof(TreeMap);
      |              ^~~~
test.c:607: error: control reaches end of non-void function [-Werror=return-type]
At top level:
test.c:503:5: error: ‘main’ defined but not used [-Werror=unused-function]
  503 | int main( int argc, char *argv[] ) {
      |     ^~~~
cc1: all warnings being treated as errors
Compilation failed
973b2f5
Thu 14 Sep 2023 12:28:17 AM UTC: 
 treemap.c | 2 +-
 1 file changed, 1 insertion(+), 1 deletion(-)
In file included from test.c:4:
treemap.c: In function ‘createTreeMap’:
treemap.c:43:5: error: conversion to non-scalar type requested
   43 |     TreeMap* mapa=(TreeMap)malloc(sizeof(TreeMap));
      |     ^~~~~~~
Compilation failed
1a33a27
Thu 14 Sep 2023 12:36:26 AM UTC: 
 treemap.c | 2 +-
 1 file changed, 1 insertion(+), 1 deletion(-)
 tests:  4|7
total_score: 5/70
84f5739
Thu 14 Sep 2023 01:47:37 AM UTC: 
 treemap.c | 12 ++++++++++++
 1 file changed, 12 insertions(+)
In file included from test.c:4:
treemap.c: In function ‘searchTreeMap’:
treemap.c:92:54: error: expected ‘)’ before ‘{’ token
   92 |       }else if (tree->lower_than(key,temp->pair->key){
      |                ~                                     ^
      |                                                      )
treemap.c:97:5: error: expected expression before ‘}’ token
   97 |     }
      |     ^
Compilation failed
95171c4
Thu 14 Sep 2023 01:47:48 AM UTC: 
 treemap.c | 2 +-
 1 file changed, 1 insertion(+), 1 deletion(-)
 tests:  11|6
total_score: 15/70
9029e2e
Thu 14 Sep 2023 04:53:42 AM UTC: 
 treemap.c | 4 ++++
 1 file changed, 4 insertions(+)
 tests:  11|6
total_score: 15/70
179361c
Thu 14 Sep 2023 05:05:01 AM UTC: 
 treemap.c | 19 +++++++++++++++++++
 1 file changed, 19 insertions(+)
In file included from test.c:4:
treemap.c:83:1: error: expected identifier or ‘(’ before ‘}’ token
   83 | }
      | ^
Compilation failed
9182d61
Thu 14 Sep 2023 05:05:39 AM UTC: 
 treemap.c | 1 -
 1 file changed, 1 deletion(-)
 tests:  11|6
total_score: 15/70
d30c150
Thu 14 Sep 2023 05:06:41 AM UTC: 
 treemap.c | 4 +++-
 1 file changed, 3 insertions(+), 1 deletion(-)
 tests:  11|6
total_score: 15/70
c5944b8
Thu 14 Sep 2023 05:10:11 AM UTC: 
 treemap.c | 3 +--
 1 file changed, 1 insertion(+), 2 deletions(-)
 tests:  11|6
total_score: 15/70
2d1774b
Thu 14 Sep 2023 05:16:33 AM UTC: 
 treemap.c | 8 ++++----
 1 file changed, 4 insertions(+), 4 deletions(-)
In file included from test.c:4:
treemap.c: In function ‘insertTreeMap’:
treemap.c:65:12: error: ‘TreeMap’ has no member named ‘key’
   65 |     if(tree->key<temp->pair->key){
      |            ^~
treemap.c:71:14: error: ‘tre’ undeclared (first use in this function); did you mean ‘tree’?
   71 |     }else if(tre->key>temp->pair->key){
      |              ^~~
      |              tree
treemap.c:71:14: note: each undeclared identifier is reported only once for each function it appears in
Compilation failed
a8a23c2
Thu 14 Sep 2023 05:16:45 AM UTC: 
 treemap.c | 2 +-
 1 file changed, 1 insertion(+), 1 deletion(-)
In file included from test.c:4:
treemap.c: In function ‘insertTreeMap’:
treemap.c:65:12: error: ‘TreeMap’ has no member named ‘key’
   65 |     if(tree->key<temp->pair->key){
      |            ^~
treemap.c:71:18: error: ‘TreeMap’ has no member named ‘key’
   71 |     }else if(tree->key>temp->pair->key){
      |                  ^~
Compilation failed
ef8b023
Thu 14 Sep 2023 05:23:23 AM UTC: 
 treemap.c | 17 +++++++++--------
 1 file changed, 9 insertions(+), 8 deletions(-)
In file included from test.c:4:
treemap.c: In function ‘insertTreeMap’:
treemap.c:69:6: error: ‘else’ without a previous ‘if’
   69 |     }else if(tree->lower_than(key,temp->pair->key){
      |      ^~~~
treemap.c:69:51: error: expected ‘)’ before ‘{’ token
   69 |     }else if(tree->lower_than(key,temp->pair->key){
      |             ~                                     ^
      |                                                   )
treemap.c:82:5: error: expected expression before ‘}’ token
   82 |     }
      |     ^
treemap.c: At top level:
treemap.c:83:3: error: expected identifier or ‘(’ before ‘}’ token
   83 |   }
      |   ^
Compilation failed
0f71ed8
Thu 14 Sep 2023 05:24:53 AM UTC: 
 treemap.c | 4 ++--
 1 file changed, 2 insertions(+), 2 deletions(-)
In file included from test.c:4:
treemap.c: In function ‘insertTreeMap’:
treemap.c:69:6: error: ‘else’ without a previous ‘if’
   69 |     }else if(tree->lower_than(key,temp->pair->key){
      |      ^~~~
treemap.c:69:51: error: expected ‘)’ before ‘{’ token
   69 |     }else if(tree->lower_than(key,temp->pair->key){
      |             ~                                     ^
      |                                                   )
treemap.c:83:3: error: expected expression before ‘}’ token
   83 |   }
      |   ^
Compilation failed
67d5ba7
Thu 14 Sep 2023 05:25:27 AM UTC: 
 treemap.c | 2 +-
 1 file changed, 1 insertion(+), 1 deletion(-)
In file included from test.c:4:
treemap.c: In function ‘insertTreeMap’:
treemap.c:69:51: error: expected ‘)’ before ‘{’ token
   69 |     }else if(tree->lower_than(key,temp->pair->key){
      |             ~                                     ^
      |                                                   )
treemap.c:83:3: error: expected expression before ‘}’ token
   83 |   }
      |   ^
test.c:503:5: error: ‘main’ is normally a non-static function [-Werror=main]
  503 | int main( int argc, char *argv[] ) {
      |     ^~~~
test.c:606:1: error: expected declaration or statement at end of input
  606 | }
      | ^
At top level:
test.c:503:5: error: ‘main’ defined but not used [-Werror=unused-function]
  503 | int main( int argc, char *argv[] ) {
      |     ^~~~
cc1: all warnings being treated as errors
Compilation failed
108f4a1
Thu 14 Sep 2023 05:25:51 AM UTC: 
 treemap.c | 2 +-
 1 file changed, 1 insertion(+), 1 deletion(-)
In file included from test.c:4:
treemap.c: In function ‘insertTreeMap’:
treemap.c:76:16: error: ‘TreeNode’ has no member named ‘rigth’; did you mean ‘right’?
   76 |       if(temp->rigth==NULL){
      |                ^~~~~
      |                right
test.c:503:5: error: ‘main’ is normally a non-static function [-Werror=main]
  503 | int main( int argc, char *argv[] ) {
      |     ^~~~
test.c:606:1: error: expected declaration or statement at end of input
  606 | }
      | ^
At top level:
test.c:503:5: error: ‘main’ defined but not used [-Werror=unused-function]
  503 | int main( int argc, char *argv[] ) {
      |     ^~~~
cc1: all warnings being treated as errors
Compilation failed
eca6778
Thu 14 Sep 2023 05:26:07 AM UTC: 
 treemap.c | 2 +-
 1 file changed, 1 insertion(+), 1 deletion(-)
test.c: In function ‘insertTreeMap’:
test.c:503:5: error: ‘main’ is normally a non-static function [-Werror=main]
  503 | int main( int argc, char *argv[] ) {
      |     ^~~~
test.c:606:1: error: expected declaration or statement at end of input
  606 | }
      | ^
At top level:
test.c:503:5: error: ‘main’ defined but not used [-Werror=unused-function]
  503 | int main( int argc, char *argv[] ) {
      |     ^~~~
cc1: all warnings being treated as errors
Compilation failed
6d2b7b7
Thu 14 Sep 2023 05:29:44 AM UTC: 
 treemap.c | 4 ++--
 1 file changed, 2 insertions(+), 2 deletions(-)
test.c: In function ‘insertTreeMap’:
test.c:503:5: error: ‘main’ is normally a non-static function [-Werror=main]
  503 | int main( int argc, char *argv[] ) {
      |     ^~~~
test.c:606:1: error: expected declaration or statement at end of input
  606 | }
      | ^
At top level:
test.c:503:5: error: ‘main’ defined but not used [-Werror=unused-function]
  503 | int main( int argc, char *argv[] ) {
      |     ^~~~
cc1: all warnings being treated as errors
Compilation failed
2dc77e3
Thu 14 Sep 2023 05:31:36 AM UTC: 
 treemap.c | 4 ++--
 1 file changed, 2 insertions(+), 2 deletions(-)
test.c: In function ‘insertTreeMap’:
test.c:503:5: error: ‘main’ is normally a non-static function [-Werror=main]
  503 | int main( int argc, char *argv[] ) {
      |     ^~~~
test.c:606:1: error: expected declaration or statement at end of input
  606 | }
      | ^
At top level:
test.c:503:5: error: ‘main’ defined but not used [-Werror=unused-function]
  503 | int main( int argc, char *argv[] ) {
      |     ^~~~
cc1: all warnings being treated as errors
Compilation failed
fc505b6
Thu 14 Sep 2023 05:36:21 AM UTC: 
 treemap.c | 19 +++++++++----------
 1 file changed, 9 insertions(+), 10 deletions(-)
In file included from test.c:4:
treemap.c: In function ‘insertTreeMap’:
treemap.c:65:16: error: ‘TreeNode’ has no member named ‘key’
   65 |     if(key<temp->key){
      |                ^~
treemap.c:72:22: error: ‘TreeNode’ has no member named ‘key’
   72 |     }else if(key>temp->key){
      |                      ^~
treemap.c:73:16: error: ‘TreeNode’ has no member named ‘rigth’; did you mean ‘right’?
   73 |       if(temp->rigth==NULL){
      |                ^~~~~
      |                right
test.c:503:5: error: ‘main’ is normally a non-static function [-Werror=main]
  503 | int main( int argc, char *argv[] ) {
      |     ^~~~
test.c:606:1: error: expected declaration or statement at end of input
  606 | }
      | ^
At top level:
test.c:503:5: error: ‘main’ defined but not used [-Werror=unused-function]
  503 | int main( int argc, char *argv[] ) {
      |     ^~~~
cc1: all warnings being treated as errors
Compilation failed
a9c2081
Thu 14 Sep 2023 05:36:32 AM UTC: 
 treemap.c | 2 +-
 1 file changed, 1 insertion(+), 1 deletion(-)
In file included from test.c:4:
treemap.c: In function ‘insertTreeMap’:
treemap.c:65:16: error: ‘TreeNode’ has no member named ‘key’
   65 |     if(key<temp->key){
      |                ^~
treemap.c:72:22: error: ‘TreeNode’ has no member named ‘key’
   72 |     }else if(key>temp->key){
      |                      ^~
test.c:503:5: error: ‘main’ is normally a non-static function [-Werror=main]
  503 | int main( int argc, char *argv[] ) {
      |     ^~~~
test.c:606:1: error: expected declaration or statement at end of input
  606 | }
      | ^
At top level:
test.c:503:5: error: ‘main’ defined but not used [-Werror=unused-function]
  503 | int main( int argc, char *argv[] ) {
      |     ^~~~
cc1: all warnings being treated as errors
Compilation failed
c29ffc1
